SF:lib\models\investment_model.dart
DA:11,1
DA:22,1
DA:23,1
DA:24,1
DA:25,2
DA:26,1
DA:27,1
DA:28,1
DA:29,1
DA:30,1
DA:31,1
LF:11
LH:11
end_of_record
SF:lib\models\project_model.dart
DA:18,1
DA:35,1
DA:36,1
DA:37,1
DA:38,3
DA:39,1
DA:40,4
DA:41,4
DA:42,3
DA:43,2
DA:44,1
DA:45,3
DA:46,2
DA:47,2
DA:48,2
DA:49,2
DA:50,6
DA:54,1
DA:55,1
DA:56,1
DA:57,1
DA:58,1
DA:59,1
DA:60,1
DA:61,1
DA:62,1
DA:63,1
DA:64,1
DA:65,1
DA:66,1
DA:67,1
DA:68,1
DA:69,1
DA:72,1
DA:88,1
DA:89,1
DA:90,1
DA:91,1
DA:92,1
DA:93,1
DA:94,1
DA:95,1
DA:96,1
DA:97,1
DA:98,1
DA:99,1
DA:100,1
DA:101,1
DA:102,1
LF:49
LH:49
end_of_record
SF:lib\models\user_model.dart
DA:10,1
DA:20,1
DA:21,1
DA:22,2
DA:23,1
DA:24,1
DA:25,1
DA:26,1
DA:27,1
DA:28,2
DA:30,2
DA:34,1
DA:35,1
DA:36,1
DA:37,1
DA:38,1
DA:39,1
DA:40,1
DA:41,2
DA:42,1
LF:20
LH:20
end_of_record
SF:lib\services\api_service.dart
DA:11,4
DA:17,8
DA:20,0
DA:29,4
DA:30,12
DA:31,4
DA:35,4
DA:43,0
DA:47,16
DA:48,0
DA:49,0
DA:51,0
DA:53,0
DA:56,0
DA:57,0
DA:60,0
DA:61,0
DA:66,2
DA:67,2
DA:70,0
DA:72,0
DA:74,0
DA:79,0
DA:86,1
DA:87,2
DA:88,1
DA:92,1
DA:98,2
LF:28
LH:14
end_of_record
SF:lib\services\auth_service.dart
DA:15,0
DA:16,0
DA:17,0
DA:20,0
DA:29,0
DA:30,0
DA:31,0
DA:34,0
DA:43,0
DA:44,0
DA:45,0
DA:47,0
DA:48,0
DA:50,0
DA:55,0
DA:56,0
DA:57,0
DA:59,0
DA:60,0
DA:61,0
DA:62,0
DA:70,0
DA:71,0
DA:76,0
DA:77,0
DA:82,0
DA:84,0
DA:85,0
DA:87,0
DA:90,0
DA:91,0
DA:95,0
DA:96,0
DA:97,0
DA:98,0
DA:99,0
DA:101,0
DA:102,0
DA:104,0
DA:108,0
DA:109,0
DA:110,0
DA:111,0
DA:112,0
DA:115,0
DA:118,0
DA:119,0
DA:121,0
DA:122,0
DA:123,0
DA:128,0
DA:132,0
DA:134,0
DA:135,0
DA:136,0
DA:138,0
DA:139,0
DA:140,0
DA:142,0
DA:143,0
DA:145,0
DA:149,0
DA:150,0
DA:151,0
DA:152,0
DA:153,0
DA:157,0
DA:158,0
DA:160,0
DA:165,0
DA:167,0
DA:169,0
DA:170,0
DA:171,0
DA:172,0
DA:173,0
DA:175,0
DA:176,0
DA:177,0
DA:180,0
DA:181,0
DA:187,0
DA:188,0
DA:189,0
DA:190,0
DA:191,0
DA:196,0
DA:198,0
DA:202,0
DA:204,0
DA:205,0
DA:207,0
DA:208,0
DA:209,0
DA:210,0
DA:212,0
DA:213,0
DA:214,0
DA:218,0
DA:219,0
DA:222,0
DA:224,0
DA:226,0
DA:230,0
DA:231,0
DA:232,0
DA:237,0
DA:238,0
DA:239,0
DA:248,0
DA:254,0
DA:256,0
DA:257,0
DA:258,0
DA:259,0
DA:260,0
DA:261,0
DA:262,0
DA:272,0
DA:278,0
DA:279,0
DA:282,0
DA:289,0
DA:292,0
DA:295,0
DA:300,0
DA:301,0
DA:303,0
DA:304,0
DA:306,0
DA:309,0
DA:310,0
DA:311,0
DA:315,0
DA:317,0
DA:318,0
DA:320,0
DA:322,0
DA:323,0
DA:326,0
DA:327,0
DA:328,0
DA:329,0
DA:334,0
DA:335,0
DA:336,0
DA:339,0
DA:343,0
DA:345,0
DA:346,0
DA:349,0
DA:350,0
DA:351,0
DA:352,0
DA:354,0
DA:359,0
DA:363,0
DA:364,0
DA:365,0
DA:368,0
DA:369,0
DA:370,0
DA:373,0
DA:377,0
DA:378,0
DA:383,0
DA:390,0
DA:391,0
DA:395,0
DA:403,0
DA:404,0
DA:408,0
DA:410,0
DA:412,0
DA:413,0
DA:414,0
DA:417,0
DA:423,0
DA:425,0
DA:428,0
DA:431,0
DA:432,0
DA:436,0
DA:440,0
DA:444,0
DA:445,0
DA:447,0
DA:448,0
DA:452,0
DA:453,0
DA:454,0
DA:455,0
DA:456,0
DA:457,0
DA:458,0
DA:459,0
DA:461,0
DA:466,0
DA:471,0
DA:474,0
DA:480,0
DA:482,0
DA:485,0
DA:486,0
DA:492,0
DA:494,0
DA:498,0
DA:499,0
DA:500,0
DA:506,0
DA:511,0
DA:512,0
DA:513,0
DA:515,0
DA:516,0
DA:528,0
DA:530,0
DA:535,0
DA:536,0
DA:537,0
DA:540,0
DA:542,0
DA:551,0
DA:552,0
DA:553,0
DA:554,0
DA:558,0
DA:560,0
DA:564,0
DA:565,0
DA:568,0
DA:574,0
DA:580,0
DA:582,0
DA:583,0
DA:585,0
DA:586,0
DA:587,0
DA:588,0
DA:590,0
DA:593,0
DA:594,0
DA:597,0
DA:603,0
DA:605,0
DA:607,0
DA:608,0
DA:609,0
DA:611,0
DA:612,0
DA:613,0
DA:615,0
DA:616,0
DA:619,0
DA:621,0
DA:623,0
DA:629,0
DA:634,0
DA:635,0
DA:638,0
DA:646,0
DA:648,0
DA:653,0
DA:656,0
DA:657,0
LF:265
LH:0
end_of_record
SF:lib\services\investment_service.dart
DA:13,2
DA:14,2
DA:17,2
DA:19,0
DA:20,0
DA:21,0
DA:22,0
DA:25,0
DA:27,0
DA:28,0
DA:29,0
DA:31,0
DA:32,0
DA:33,0
DA:37,0
DA:39,0
DA:42,0
DA:43,0
DA:45,0
DA:48,0
DA:49,0
DA:53,0
DA:58,0
DA:59,0
DA:60,0
DA:63,0
DA:65,0
DA:73,0
DA:76,0
DA:80,0
DA:81,0
DA:83,0
DA:87,0
DA:88,0
LF:34
LH:3
end_of_record
SF:lib\services\project_service.dart
DA:18,2
DA:19,0
DA:20,2
DA:21,2
DA:25,0
DA:26,0
DA:27,0
DA:28,0
DA:31,0
DA:32,0
DA:34,0
DA:42,0
DA:44,0
DA:45,0
DA:46,0
DA:48,0
DA:49,0
DA:52,0
DA:53,0
DA:56,0
DA:57,0
DA:59,0
DA:60,0
DA:65,0
DA:66,0
DA:67,0
DA:68,0
DA:71,0
DA:72,0
DA:74,0
DA:82,0
DA:84,0
DA:85,0
DA:86,0
DA:87,0
DA:88,0
DA:89,0
DA:91,0
DA:92,0
DA:95,0
DA:96,0
DA:98,0
DA:99,0
DA:103,0
DA:104,0
DA:105,0
DA:106,0
DA:109,0
DA:111,0
DA:114,0
DA:115,0
DA:116,0
DA:118,0
DA:120,0
DA:121,0
DA:122,0
DA:125,0
DA:129,0
DA:130,0
DA:131,0
DA:133,0
DA:134,0
DA:135,0
DA:136,0
DA:137,0
DA:141,0
DA:144,0
DA:145,0
DA:147,0
DA:148,0
DA:152,0
DA:153,0
DA:154,0
DA:156,0
DA:157,0
DA:158,0
DA:159,0
DA:160,0
DA:163,0
DA:166,0
DA:167,0
DA:168,0
DA:170,0
DA:173,0
DA:174,0
DA:175,0
DA:176,0
DA:179,0
DA:181,0
DA:182,0
DA:183,0
DA:185,0
DA:186,0
DA:187,0
DA:191,0
DA:194,0
DA:196,0
DA:197,0
DA:202,0
DA:203,0
DA:204,0
DA:205,0
DA:206,0
DA:207,0
DA:211,0
DA:212,0
DA:213,0
DA:214,0
DA:218,0
DA:223,0
DA:224,0
DA:225,0
DA:226,0
DA:227,0
DA:231,0
DA:236,0
DA:237,0
DA:238,0
DA:242,0
DA:245,0
DA:248,0
DA:249,0
DA:251,0
DA:252,0
DA:256,0
DA:265,0
DA:266,0
DA:269,0
DA:279,0
DA:281,0
DA:283,0
DA:285,0
DA:287,0
DA:288,0
DA:289,0
DA:292,0
DA:293,0
DA:295,0
DA:296,0
DA:300,0
DA:301,0
DA:304,0
DA:305,0
DA:309,0
DA:310,0
DA:311,0
DA:312,0
DA:315,0
DA:316,0
DA:318,0
DA:322,0
DA:327,0
DA:328,0
DA:329,0
DA:331,0
DA:334,0
DA:338,0
DA:339,0
DA:341,0
DA:343,0
DA:346,0
DA:347,0
DA:348,0
DA:349,0
DA:352,0
DA:355,0
DA:356,0
DA:357,0
DA:361,0
DA:362,0
DA:363,0
DA:366,0
DA:367,0
DA:370,0
DA:374,0
DA:377,0
DA:381,0
DA:385,0
DA:389,0
DA:390,0
DA:391,0
DA:395,0
DA:396,0
DA:399,0
DA:400,0
DA:404,0
DA:405,0
DA:406,0
DA:407,0
DA:411,0
DA:412,0
DA:413,0
DA:416,0
DA:417,0
DA:419,0
DA:421,0
DA:422,0
DA:424,0
DA:426,0
DA:429,0
DA:430,0
DA:435,0
DA:438,0
DA:439,0
DA:440,0
DA:442,0
DA:443,0
DA:447,0
DA:448,0
LF:209
LH:3
end_of_record
SF:lib\widgets\snackbar_helper.dart
DA:4,1
DA:12,1
DA:13,3
DA:19,1
DA:20,2
DA:29,1
DA:31,2
DA:32,1
DA:33,1
DA:45,1
DA:53,1
DA:54,1
DA:63,1
DA:65,1
DA:66,2
DA:71,2
DA:74,2
DA:75,1
DA:79,2
DA:82,2
DA:83,1
DA:87,2
DA:90,5
DA:91,1
DA:92,2
DA:97,1
DA:99,2
DA:100,1
DA:103,1
DA:105,1
DA:106,3
DA:109,1
DA:110,1
DA:111,1
DA:112,1
DA:113,1
DA:114,1
DA:116,1
DA:118,1
DA:121,1
DA:122,1
DA:123,1
DA:124,2
DA:125,3
DA:130,1
DA:131,1
DA:132,1
DA:133,3
DA:140,1
DA:141,1
DA:142,1
DA:144,1
DA:145,1
DA:146,1
DA:148,1
DA:149,2
DA:155,1
DA:156,1
DA:157,2
LF:59
LH:59
end_of_record
